<?xml version="1.0" encoding="UTF-8"?>
<!-- Generated by org.testng.reporters.JUnitXMLReporter -->
<testsuite hostname="chitta-PC" ignored="0" name="Free CRM App Test Cases" tests="8" failures="0" timestamp="29 Mar 2019 20:55:07 GMT" time="156.789" errors="0">
  <testcase name="LoginPageTitleTest" time="0.03" classname="com.crm.qa.testcases.LoginPageTest"/>
  <testcase name="verifyHomePageTitleTest" time="0.011" classname="com.crm.qa.testcases.HomePageTest"/>
  <testcase name="CrmProImageTest" time="0.082" classname="com.crm.qa.testcases.LoginPageTest"/>
  <testcase name="verifyCorrectUserNameTest" time="0.155" classname="com.crm.qa.testcases.HomePageTest"/>
  <testcase name="loginTest" time="5.021" classname="com.crm.qa.testcases.LoginPageTest"/>
  <testcase name="clickOnContactsLinkTest" time="2.138" classname="com.crm.qa.testcases.HomePageTest"/>
  <testcase name="clickOnDealsLinkTest" time="1.557" classname="com.crm.qa.testcases.HomePageTest"/>
  <testcase name="clickOnTasksLinkTest" time="1.368" classname="com.crm.qa.testcases.HomePageTest"/>
</testsuite> <!-- Free CRM App Test Cases -->
