<?xml version="1.0" encoding="UTF-8"?>
<!-- Generated by org.testng.reporters.JUnitXMLReporter -->
<testsuite hostname="chitta-PC" ignored="0" name="Default test" tests="5" failures="0" timestamp="29 Mar 2019 20:50:51 GMT" time="108.936" errors="0">
  <testcase name="verifyHomePageTitleTest" time="0.023" classname="com.crm.qa.testcases.HomePageTest"/>
  <testcase name="verifyCorrectUserNameTest" time="0.223" classname="com.crm.qa.testcases.HomePageTest"/>
  <testcase name="clickOnContactsLinkTest" time="1.689" classname="com.crm.qa.testcases.HomePageTest"/>
  <testcase name="clickOnDealsLinkTest" time="1.638" classname="com.crm.qa.testcases.HomePageTest"/>
  <testcase name="clickOnTasksLinkTest" time="1.585" classname="com.crm.qa.testcases.HomePageTest"/>
</testsuite> <!-- Default test -->
